<?xml version="1.0" encoding="UTF-8"?>
<testng-results ignored="0" total="2" passed="2" failed="0" skipped="0">
  <reporter-output>
  </reporter-output>
  <suite started-at="2024-09-11T10:27:31 IST" name="Default suite" finished-at="2024-09-11T10:27:40 IST" duration-ms="8283">
    <groups>
      <group name="cucumber">
        <method signature="AbstractTestNGCucumberTests.runScenario(io.cucumber.testng.PickleWrapper,io.cucumber.testng.FeatureWrapper)[pri:0, instance:BDD.Cucumber.TestRunner@548a24a]" name="runScenario" class="io.cucumber.testng.AbstractTestNGCucumberTests"/>
      </group> <!-- cucumber -->
    </groups>
    <test started-at="2024-09-11T10:27:31 IST" name="Default test" finished-at="2024-09-11T10:27:40 IST" duration-ms="8283">
      <class name="BDD.Cucumber.TestRunner">
        <test-method is-config="true" signature="setUpClass(org.testng.ITestContext)[pri:0, instance:BDD.Cucumber.TestRunner@548a24a]" started-at="2024-09-11T10:27:31 IST" name="setUpClass" finished-at="2024-09-11T10:27:32 IST" duration-ms="438" status="PASS">
          <params>
            <param index="0">
              <value>
                <![CDATA[org.testng.TestRunner@3a894088]]>
              </value>
            </param>
          </params>
          <reporter-output>
          </reporter-output>
        </test-method> <!-- setUpClass -->
        <test-method signature="runScenario(io.cucumber.testng.PickleWrapper,io.cucumber.testng.FeatureWrapper)[pri:0, instance:BDD.Cucumber.TestRunner@548a24a]" started-at="2024-09-11T10:27:32 IST" name="runScenario" description="Runs Cucumber Scenarios" data-provider="scenarios" finished-at="2024-09-11T10:27:37 IST" duration-ms="4946" status="PASS">
          <params>
            <param index="0">
              <value>
                <![CDATA["login with multiple user"]]>
              </value>
            </param>
            <param index="1">
              <value>
                <![CDATA["login feature"]]>
              </value>
            </param>
          </params>
          <reporter-output>
          </reporter-output>
        </test-method> <!-- runScenario -->
        <test-method signature="runScenario(io.cucumber.testng.PickleWrapper,io.cucumber.testng.FeatureWrapper)[pri:0, instance:BDD.Cucumber.TestRunner@548a24a]" started-at="2024-09-11T10:27:37 IST" name="runScenario" description="Runs Cucumber Scenarios" data-provider="scenarios" finished-at="2024-09-11T10:27:40 IST" duration-ms="2823" status="PASS">
          <params>
            <param index="0">
              <value>
                <![CDATA["login with multiple user"]]>
              </value>
            </param>
            <param index="1">
              <value>
                <![CDATA["login feature"]]>
              </value>
            </param>
          </params>
          <reporter-output>
          </reporter-output>
        </test-method> <!-- runScenario -->
        <test-method is-config="true" signature="tearDownClass()[pri:0, instance:BDD.Cucumber.TestRunner@548a24a]" started-at="2024-09-11T10:27:40 IST" name="tearDownClass" finished-at="2024-09-11T10:27:40 IST" duration-ms="23" status="PASS">
          <reporter-output>
          </reporter-output>
        </test-method> <!-- tearDownClass -->
      </class> <!-- BDD.Cucumber.TestRunner -->
    </test> <!-- Default test -->
  </suite> <!-- Default suite -->
</testng-results>
